22:35:33.559 [AWT-EventQueue-0] INFO  c.b.l.BrowserStackRunExtension - gradle
22:35:33.559 [AWT-EventQueue-0] INFO  com.browserstack.utils.Helpers - null
22:43:23.829 [AWT-EventQueue-0] INFO  c.b.l.BrowserStackRunExtension - gradle
22:43:23.829 [AWT-EventQueue-0] INFO  com.browserstack.utils.Helpers - null
22:43:30.081 [AWT-EventQueue-0] INFO  c.b.l.BrowserStackRunExtension - gradle
22:43:30.081 [AWT-EventQueue-0] INFO  com.browserstack.utils.Helpers - null
22:47:38.724 [AWT-EventQueue-0] INFO  c.b.l.BrowserStackRunExtension - gradle
22:47:38.724 [AWT-EventQueue-0] INFO  com.browserstack.utils.Helpers - null
22:53:28.310 [AWT-EventQueue-0] INFO  c.b.l.BrowserStackRunExtension - gradle
22:53:28.311 [AWT-EventQueue-0] INFO  com.browserstack.utils.Helpers - null
22:53:28.724 [ApplicationImpl pooled thread 3654] INFO  c.b.l.BrowserStackRunExtension - cucumber java
22:53:28.724 [ApplicationImpl pooled thread 3654] INFO  com.browserstack.utils.Helpers - null
22:53:28.732 [ApplicationImpl pooled thread 3654] INFO  c.b.l.BrowserStackRunExtension - Agent path: null
22:54:08.258 [AWT-EventQueue-0] INFO  c.b.l.BrowserStackRunExtension - gradle
22:54:08.258 [AWT-EventQueue-0] INFO  com.browserstack.utils.Helpers - null
22:54:08.628 [ApplicationImpl pooled thread 3674] INFO  c.b.l.BrowserStackRunExtension - cucumber java
22:54:08.628 [ApplicationImpl pooled thread 3674] INFO  com.browserstack.utils.Helpers - null
22:54:08.644 [ApplicationImpl pooled thread 3674] INFO  c.b.l.BrowserStackRunExtension - Agent path: null
22:54:24.929 [AWT-EventQueue-0] INFO  c.b.l.BrowserStackRunExtension - gradle
22:54:24.929 [AWT-EventQueue-0] INFO  com.browserstack.utils.Helpers - null
22:54:25.317 [ApplicationImpl pooled thread 3668] INFO  c.b.l.BrowserStackRunExtension - cucumber java
22:54:25.317 [ApplicationImpl pooled thread 3668] INFO  com.browserstack.utils.Helpers - null
22:54:25.318 [ApplicationImpl pooled thread 3668] INFO  c.b.l.BrowserStackRunExtension - Agent path: null
22:55:13.258 [AWT-EventQueue-0] INFO  c.b.l.BrowserStackRunExtension - gradle
22:55:13.259 [AWT-EventQueue-0] INFO  com.browserstack.utils.Helpers - null
23:02:41.219 [AWT-EventQueue-0] INFO  c.b.l.BrowserStackRunExtension - gradle
23:02:41.219 [AWT-EventQueue-0] INFO  com.browserstack.utils.Helpers - null
23:02:42.595 [ApplicationImpl pooled thread 3686] INFO  c.b.l.BrowserStackRunExtension - cucumber java
23:02:42.595 [ApplicationImpl pooled thread 3686] INFO  com.browserstack.utils.Helpers - null
23:02:42.617 [ApplicationImpl pooled thread 3686] INFO  c.b.l.BrowserStackRunExtension - Agent path: null
23:03:04.280 [AWT-EventQueue-0] INFO  c.b.l.BrowserStackRunExtension - gradle
23:03:04.280 [AWT-EventQueue-0] INFO  com.browserstack.utils.Helpers - null
23:05:32.855 [AWT-EventQueue-0] INFO  c.b.l.BrowserStackRunExtension - gradle
23:05:32.855 [AWT-EventQueue-0] INFO  com.browserstack.utils.Helpers - null
09:19:26.860 [AWT-EventQueue-0] INFO  c.b.l.BrowserStackRunExtension - gradle
09:19:26.863 [AWT-EventQueue-0] INFO  com.browserstack.utils.Helpers - null
09:35:46.720 [AWT-EventQueue-0] INFO  c.b.l.BrowserStackRunExtension - gradle
09:35:46.720 [AWT-EventQueue-0] INFO  com.browserstack.utils.Helpers - null
09:39:46.520 [AWT-EventQueue-0] INFO  c.b.l.BrowserStackRunExtension - gradle
09:39:46.520 [AWT-EventQueue-0] INFO  com.browserstack.utils.Helpers - null
09:39:47.155 [ApplicationImpl pooled thread 130] INFO  c.b.l.BrowserStackRunExtension - cucumber java
09:39:47.155 [ApplicationImpl pooled thread 130] INFO  com.browserstack.utils.Helpers - null
09:39:47.156 [ApplicationImpl pooled thread 130] INFO  c.b.l.BrowserStackRunExtension - Agent path: null
09:39:54.389 [AWT-EventQueue-0] INFO  c.b.l.BrowserStackRunExtension - gradle
09:39:54.389 [AWT-EventQueue-0] INFO  com.browserstack.utils.Helpers - null
09:40:46.182 [AWT-EventQueue-0] INFO  c.b.l.BrowserStackRunExtension - gradle
09:40:46.182 [AWT-EventQueue-0] INFO  com.browserstack.utils.Helpers - null
09:40:57.910 [AWT-EventQueue-0] INFO  c.b.l.BrowserStackRunExtension - gradle
09:40:57.911 [AWT-EventQueue-0] INFO  com.browserstack.utils.Helpers - null
09:42:53.600 [AWT-EventQueue-0] INFO  c.b.l.BrowserStackRunExtension - gradle
09:42:53.601 [AWT-EventQueue-0] INFO  com.browserstack.utils.Helpers - null
09:43:19.598 [AWT-EventQueue-0] INFO  c.b.l.BrowserStackRunExtension - gradle
09:43:19.598 [AWT-EventQueue-0] INFO  com.browserstack.utils.Helpers - null
09:44:11.915 [AWT-EventQueue-0] INFO  c.b.l.BrowserStackRunExtension - gradle
09:44:11.915 [AWT-EventQueue-0] INFO  com.browserstack.utils.Helpers - null
09:53:55.849 [AWT-EventQueue-0] INFO  c.b.l.BrowserStackRunExtension - gradle
09:53:55.850 [AWT-EventQueue-0] INFO  com.browserstack.utils.Helpers - null
09:56:13.301 [AWT-EventQueue-0] INFO  c.b.l.BrowserStackRunExtension - gradle
09:56:13.302 [AWT-EventQueue-0] INFO  com.browserstack.utils.Helpers - null
09:57:17.057 [AWT-EventQueue-0] INFO  c.b.l.BrowserStackRunExtension - gradle
09:57:17.058 [AWT-EventQueue-0] INFO  com.browserstack.utils.Helpers - null
09:57:39.181 [AWT-EventQueue-0] INFO  c.b.l.BrowserStackRunExtension - gradle
09:57:39.181 [AWT-EventQueue-0] INFO  com.browserstack.utils.Helpers - null
10:07:40.400 [AWT-EventQueue-0] INFO  c.b.l.BrowserStackRunExtension - gradle
10:07:40.400 [AWT-EventQueue-0] INFO  com.browserstack.utils.Helpers - null
10:08:27.707 [AWT-EventQueue-0] INFO  c.b.l.BrowserStackRunExtension - gradle
10:08:27.707 [AWT-EventQueue-0] INFO  com.browserstack.utils.Helpers - null
10:09:10.286 [AWT-EventQueue-0] INFO  c.b.l.BrowserStackRunExtension - gradle
10:09:10.287 [AWT-EventQueue-0] INFO  com.browserstack.utils.Helpers - null
10:09:34.574 [AWT-EventQueue-0] INFO  c.b.l.BrowserStackRunExtension - gradle
10:09:34.575 [AWT-EventQueue-0] INFO  com.browserstack.utils.Helpers - null
10:11:24.110 [AWT-EventQueue-0] INFO  c.b.l.BrowserStackRunExtension - gradle
10:11:24.110 [AWT-EventQueue-0] INFO  com.browserstack.utils.Helpers - null
10:11:24.536 [ApplicationImpl pooled thread 198] INFO  c.b.l.BrowserStackRunExtension - cucumber java
10:11:24.537 [ApplicationImpl pooled thread 198] INFO  com.browserstack.utils.Helpers - null
10:11:24.538 [ApplicationImpl pooled thread 198] INFO  c.b.l.BrowserStackRunExtension - Agent path: null
10:11:32.715 [AWT-EventQueue-0] INFO  c.b.l.BrowserStackRunExtension - gradle
10:11:32.716 [AWT-EventQueue-0] INFO  com.browserstack.utils.Helpers - null
10:12:04.229 [AWT-EventQueue-0] INFO  c.b.l.BrowserStackRunExtension - gradle
10:12:04.229 [AWT-EventQueue-0] INFO  com.browserstack.utils.Helpers - null
10:13:28.201 [AWT-EventQueue-0] INFO  c.b.l.BrowserStackRunExtension - gradle
10:13:28.201 [AWT-EventQueue-0] INFO  com.browserstack.utils.Helpers - null
10:14:16.246 [AWT-EventQueue-0] INFO  c.b.l.BrowserStackRunExtension - gradle
10:14:16.246 [AWT-EventQueue-0] INFO  com.browserstack.utils.Helpers - null
10:14:26.852 [AWT-EventQueue-0] INFO  c.b.l.BrowserStackRunExtension - gradle
10:14:26.852 [AWT-EventQueue-0] INFO  com.browserstack.utils.Helpers - null
10:15:44.312 [AWT-EventQueue-0] INFO  c.b.l.BrowserStackRunExtension - gradle
10:15:44.313 [AWT-EventQueue-0] INFO  com.browserstack.utils.Helpers - null
10:15:58.213 [AWT-EventQueue-0] INFO  c.b.l.BrowserStackRunExtension - gradle
10:15:58.213 [AWT-EventQueue-0] INFO  com.browserstack.utils.Helpers - null
10:16:23.339 [AWT-EventQueue-0] INFO  c.b.l.BrowserStackRunExtension - gradle
10:16:23.339 [AWT-EventQueue-0] INFO  com.browserstack.utils.Helpers - null
10:17:31.500 [AWT-EventQueue-0] INFO  c.b.l.BrowserStackRunExtension - gradle
10:17:31.500 [AWT-EventQueue-0] INFO  com.browserstack.utils.Helpers - null
10:19:44.147 [AWT-EventQueue-0] INFO  c.b.l.BrowserStackRunExtension - gradle
10:19:44.148 [AWT-EventQueue-0] INFO  com.browserstack.utils.Helpers - null
11:07:50.129 [AWT-EventQueue-0] INFO  c.b.l.BrowserStackRunExtension - gradle
11:07:50.129 [AWT-EventQueue-0] INFO  com.browserstack.utils.Helpers - null
11:09:51.777 [AWT-EventQueue-0] INFO  c.b.l.BrowserStackRunExtension - gradle
11:09:51.777 [AWT-EventQueue-0] INFO  com.browserstack.utils.Helpers - null
11:13:33.576 [AWT-EventQueue-0] INFO  c.b.l.BrowserStackRunExtension - gradle
11:13:33.576 [AWT-EventQueue-0] INFO  com.browserstack.utils.Helpers - null
11:13:59.793 [AWT-EventQueue-0] INFO  c.b.l.BrowserStackRunExtension - gradle
11:13:59.793 [AWT-EventQueue-0] INFO  com.browserstack.utils.Helpers - null
11:38:14.280 [AWT-EventQueue-0] INFO  c.b.l.BrowserStackRunExtension - gradle
11:38:14.280 [AWT-EventQueue-0] INFO  com.browserstack.utils.Helpers - null
11:39:14.254 [AWT-EventQueue-0] INFO  c.b.l.BrowserStackRunExtension - gradle
11:39:14.254 [AWT-EventQueue-0] INFO  com.browserstack.utils.Helpers - null
11:40:21.903 [AWT-EventQueue-0] INFO  c.b.l.BrowserStackRunExtension - gradle
11:40:21.903 [AWT-EventQueue-0] INFO  com.browserstack.utils.Helpers - null
11:40:53.679 [AWT-EventQueue-0] INFO  c.b.l.BrowserStackRunExtension - gradle
11:40:53.680 [AWT-EventQueue-0] INFO  com.browserstack.utils.Helpers - null
11:41:04.742 [AWT-EventQueue-0] INFO  c.b.l.BrowserStackRunExtension - gradle
11:41:04.742 [AWT-EventQueue-0] INFO  com.browserstack.utils.Helpers - null
11:41:40.977 [AWT-EventQueue-0] INFO  c.b.l.BrowserStackRunExtension - gradle
11:41:40.977 [AWT-EventQueue-0] INFO  com.browserstack.utils.Helpers - null
11:42:11.086 [AWT-EventQueue-0] INFO  c.b.l.BrowserStackRunExtension - gradle
11:42:11.086 [AWT-EventQueue-0] INFO  com.browserstack.utils.Helpers - null
11:43:33.121 [AWT-EventQueue-0] INFO  c.b.l.BrowserStackRunExtension - gradle
11:43:33.121 [AWT-EventQueue-0] INFO  com.browserstack.utils.Helpers - null
11:45:00.035 [AWT-EventQueue-0] INFO  c.b.l.BrowserStackRunExtension - gradle
11:45:00.035 [AWT-EventQueue-0] INFO  com.browserstack.utils.Helpers - null
11:45:28.451 [AWT-EventQueue-0] INFO  c.b.l.BrowserStackRunExtension - gradle
11:45:28.452 [AWT-EventQueue-0] INFO  com.browserstack.utils.Helpers - null
11:45:57.711 [AWT-EventQueue-0] INFO  c.b.l.BrowserStackRunExtension - gradle
11:45:57.711 [AWT-EventQueue-0] INFO  com.browserstack.utils.Helpers - null
11:46:51.230 [AWT-EventQueue-0] INFO  c.b.l.BrowserStackRunExtension - gradle
11:46:51.230 [AWT-EventQueue-0] INFO  com.browserstack.utils.Helpers - null
11:48:29.306 [AWT-EventQueue-0] INFO  c.b.l.BrowserStackRunExtension - gradle
11:48:29.307 [AWT-EventQueue-0] INFO  com.browserstack.utils.Helpers - null
11:48:51.958 [AWT-EventQueue-0] INFO  c.b.l.BrowserStackRunExtension - gradle
11:48:51.958 [AWT-EventQueue-0] INFO  com.browserstack.utils.Helpers - null
11:53:52.162 [AWT-EventQueue-0] INFO  c.b.l.BrowserStackRunExtension - gradle
11:53:52.162 [AWT-EventQueue-0] INFO  com.browserstack.utils.Helpers - null
11:55:01.395 [AWT-EventQueue-0] INFO  c.b.l.BrowserStackRunExtension - gradle
11:55:01.395 [AWT-EventQueue-0] INFO  com.browserstack.utils.Helpers - null
12:00:37.911 [AWT-EventQueue-0] INFO  c.b.l.BrowserStackRunExtension - gradle
12:00:37.911 [AWT-EventQueue-0] INFO  com.browserstack.utils.Helpers - null
12:01:04.613 [AWT-EventQueue-0] INFO  c.b.l.BrowserStackRunExtension - gradle
12:01:04.614 [AWT-EventQueue-0] INFO  com.browserstack.utils.Helpers - null
12:06:15.610 [AWT-EventQueue-0] INFO  c.b.l.BrowserStackRunExtension - gradle
12:06:15.610 [AWT-EventQueue-0] INFO  com.browserstack.utils.Helpers - null
12:06:16.065 [ApplicationImpl pooled thread 419] INFO  c.b.l.BrowserStackRunExtension - cucumber java
12:06:16.065 [ApplicationImpl pooled thread 419] INFO  com.browserstack.utils.Helpers - null
12:06:16.072 [ApplicationImpl pooled thread 419] INFO  c.b.l.BrowserStackRunExtension - Agent path: null
12:06:23.144 [AWT-EventQueue-0] INFO  c.b.l.BrowserStackRunExtension - gradle
12:06:23.145 [AWT-EventQueue-0] INFO  com.browserstack.utils.Helpers - null
12:06:35.892 [AWT-EventQueue-0] INFO  c.b.l.BrowserStackRunExtension - gradle
12:06:35.892 [AWT-EventQueue-0] INFO  com.browserstack.utils.Helpers - null
12:09:06.155 [AWT-EventQueue-0] INFO  c.b.l.BrowserStackRunExtension - gradle
12:09:06.155 [AWT-EventQueue-0] INFO  com.browserstack.utils.Helpers - null
12:09:20.330 [AWT-EventQueue-0] INFO  c.b.l.BrowserStackRunExtension - gradle
12:09:20.330 [AWT-EventQueue-0] INFO  com.browserstack.utils.Helpers - null
12:19:36.918 [AWT-EventQueue-0] INFO  c.b.l.BrowserStackRunExtension - gradle
12:19:36.918 [AWT-EventQueue-0] INFO  com.browserstack.utils.Helpers - null
12:21:16.925 [AWT-EventQueue-0] INFO  c.b.l.BrowserStackRunExtension - gradle
12:21:16.925 [AWT-EventQueue-0] INFO  com.browserstack.utils.Helpers - null
12:21:53.914 [AWT-EventQueue-0] INFO  c.b.l.BrowserStackRunExtension - gradle
12:21:53.915 [AWT-EventQueue-0] INFO  com.browserstack.utils.Helpers - null
12:23:16.681 [AWT-EventQueue-0] INFO  c.b.l.BrowserStackRunExtension - gradle
12:23:16.682 [AWT-EventQueue-0] INFO  com.browserstack.utils.Helpers - null
12:26:41.339 [AWT-EventQueue-0] INFO  c.b.l.BrowserStackRunExtension - gradle
12:26:41.339 [AWT-EventQueue-0] INFO  com.browserstack.utils.Helpers - null
12:27:07.279 [AWT-EventQueue-0] INFO  c.b.l.BrowserStackRunExtension - gradle
12:27:07.279 [AWT-EventQueue-0] INFO  com.browserstack.utils.Helpers - null
12:31:06.702 [AWT-EventQueue-0] INFO  c.b.l.BrowserStackRunExtension - gradle
12:31:06.702 [AWT-EventQueue-0] INFO  com.browserstack.utils.Helpers - null
12:31:32.785 [AWT-EventQueue-0] INFO  c.b.l.BrowserStackRunExtension - gradle
12:31:32.785 [AWT-EventQueue-0] INFO  com.browserstack.utils.Helpers - null
12:31:50.139 [AWT-EventQueue-0] INFO  c.b.l.BrowserStackRunExtension - gradle
12:31:50.139 [AWT-EventQueue-0] INFO  com.browserstack.utils.Helpers - null
12:32:48.195 [AWT-EventQueue-0] INFO  c.b.l.BrowserStackRunExtension - gradle
12:32:48.195 [AWT-EventQueue-0] INFO  com.browserstack.utils.Helpers - null
12:33:25.702 [AWT-EventQueue-0] INFO  c.b.l.BrowserStackRunExtension - gradle
12:33:25.702 [AWT-EventQueue-0] INFO  com.browserstack.utils.Helpers - null
12:34:15.828 [AWT-EventQueue-0] INFO  c.b.l.BrowserStackRunExtension - gradle
12:34:15.828 [AWT-EventQueue-0] INFO  com.browserstack.utils.Helpers - null
12:34:27.843 [AWT-EventQueue-0] INFO  c.b.l.BrowserStackRunExtension - gradle
12:34:27.843 [AWT-EventQueue-0] INFO  com.browserstack.utils.Helpers - null
12:35:03.229 [AWT-EventQueue-0] INFO  c.b.l.BrowserStackRunExtension - gradle
12:35:03.229 [AWT-EventQueue-0] INFO  com.browserstack.utils.Helpers - null
12:36:43.019 [AWT-EventQueue-0] INFO  c.b.l.BrowserStackRunExtension - gradle
12:36:43.019 [AWT-EventQueue-0] INFO  com.browserstack.utils.Helpers - null
12:39:58.256 [AWT-EventQueue-0] INFO  c.b.l.BrowserStackRunExtension - gradle
12:39:58.256 [AWT-EventQueue-0] INFO  com.browserstack.utils.Helpers - null
12:40:23.661 [AWT-EventQueue-0] INFO  c.b.l.BrowserStackRunExtension - gradle
12:40:23.662 [AWT-EventQueue-0] INFO  com.browserstack.utils.Helpers - null
12:42:41.978 [AWT-EventQueue-0] INFO  c.b.l.BrowserStackRunExtension - gradle
12:42:41.978 [AWT-EventQueue-0] INFO  com.browserstack.utils.Helpers - null
12:43:12.136 [AWT-EventQueue-0] INFO  c.b.l.BrowserStackRunExtension - gradle
12:43:12.136 [AWT-EventQueue-0] INFO  com.browserstack.utils.Helpers - null
12:43:36.249 [AWT-EventQueue-0] INFO  c.b.l.BrowserStackRunExtension - gradle
12:43:36.249 [AWT-EventQueue-0] INFO  com.browserstack.utils.Helpers - null
12:44:07.000 [AWT-EventQueue-0] INFO  c.b.l.BrowserStackRunExtension - gradle
12:44:07.000 [AWT-EventQueue-0] INFO  com.browserstack.utils.Helpers - null
12:45:13.057 [AWT-EventQueue-0] INFO  c.b.l.BrowserStackRunExtension - gradle
12:45:13.057 [AWT-EventQueue-0] INFO  com.browserstack.utils.Helpers - null
12:45:34.497 [AWT-EventQueue-0] INFO  c.b.l.BrowserStackRunExtension - gradle
12:45:34.497 [AWT-EventQueue-0] INFO  com.browserstack.utils.Helpers - null
12:53:07.604 [AWT-EventQueue-0] INFO  c.b.l.BrowserStackRunExtension - gradle
12:53:07.604 [AWT-EventQueue-0] INFO  com.browserstack.utils.Helpers - null
12:54:29.525 [AWT-EventQueue-0] INFO  c.b.l.BrowserStackRunExtension - gradle
12:54:29.526 [AWT-EventQueue-0] INFO  com.browserstack.utils.Helpers - null
12:54:42.918 [AWT-EventQueue-0] INFO  c.b.l.BrowserStackRunExtension - gradle
12:54:42.918 [AWT-EventQueue-0] INFO  com.browserstack.utils.Helpers - null
12:54:58.343 [AWT-EventQueue-0] INFO  c.b.l.BrowserStackRunExtension - gradle
12:54:58.343 [AWT-EventQueue-0] INFO  com.browserstack.utils.Helpers - null
12:55:24.006 [AWT-EventQueue-0] INFO  c.b.l.BrowserStackRunExtension - gradle
12:55:24.006 [AWT-EventQueue-0] INFO  com.browserstack.utils.Helpers - null
12:55:33.390 [AWT-EventQueue-0] INFO  c.b.l.BrowserStackRunExtension - gradle
12:55:33.390 [AWT-EventQueue-0] INFO  com.browserstack.utils.Helpers - null
12:55:54.545 [AWT-EventQueue-0] INFO  c.b.l.BrowserStackRunExtension - gradle
12:55:54.545 [AWT-EventQueue-0] INFO  com.browserstack.utils.Helpers - null
12:56:11.207 [AWT-EventQueue-0] INFO  c.b.l.BrowserStackRunExtension - gradle
12:56:11.208 [AWT-EventQueue-0] INFO  com.browserstack.utils.Helpers - null
12:56:39.934 [AWT-EventQueue-0] INFO  c.b.l.BrowserStackRunExtension - gradle
12:56:39.934 [AWT-EventQueue-0] INFO  com.browserstack.utils.Helpers - null
12:57:06.313 [AWT-EventQueue-0] INFO  c.b.l.BrowserStackRunExtension - gradle
12:57:06.313 [AWT-EventQueue-0] INFO  com.browserstack.utils.Helpers - null
12:57:28.495 [AWT-EventQueue-0] INFO  c.b.l.BrowserStackRunExtension - gradle
12:57:28.495 [AWT-EventQueue-0] INFO  com.browserstack.utils.Helpers - null
12:57:40.278 [AWT-EventQueue-0] INFO  c.b.l.BrowserStackRunExtension - gradle
12:57:40.278 [AWT-EventQueue-0] INFO  com.browserstack.utils.Helpers - null
12:57:57.519 [AWT-EventQueue-0] INFO  c.b.l.BrowserStackRunExtension - gradle
12:57:57.519 [AWT-EventQueue-0] INFO  com.browserstack.utils.Helpers - null
12:58:18.625 [AWT-EventQueue-0] INFO  c.b.l.BrowserStackRunExtension - gradle
12:58:18.625 [AWT-EventQueue-0] INFO  com.browserstack.utils.Helpers - null
12:58:23.899 [AWT-EventQueue-0] INFO  c.b.l.BrowserStackRunExtension - gradle
12:58:23.899 [AWT-EventQueue-0] INFO  com.browserstack.utils.Helpers - null
12:58:40.598 [AWT-EventQueue-0] INFO  c.b.l.BrowserStackRunExtension - gradle
12:58:40.599 [AWT-EventQueue-0] INFO  com.browserstack.utils.Helpers - null
12:58:56.043 [AWT-EventQueue-0] INFO  c.b.l.BrowserStackRunExtension - gradle
12:58:56.044 [AWT-EventQueue-0] INFO  com.browserstack.utils.Helpers - null
13:07:36.185 [AWT-EventQueue-0] INFO  c.b.l.BrowserStackRunExtension - gradle
13:07:36.185 [AWT-EventQueue-0] INFO  com.browserstack.utils.Helpers - null
13:08:52.677 [AWT-EventQueue-0] INFO  c.b.l.BrowserStackRunExtension - gradle
13:08:52.677 [AWT-EventQueue-0] INFO  com.browserstack.utils.Helpers - null
13:09:04.082 [AWT-EventQueue-0] INFO  c.b.l.BrowserStackRunExtension - gradle
13:09:04.082 [AWT-EventQueue-0] INFO  com.browserstack.utils.Helpers - null
13:09:24.859 [AWT-EventQueue-0] INFO  c.b.l.BrowserStackRunExtension - gradle
13:09:24.859 [AWT-EventQueue-0] INFO  com.browserstack.utils.Helpers - null
13:11:07.142 [AWT-EventQueue-0] INFO  c.b.l.BrowserStackRunExtension - gradle
13:11:07.142 [AWT-EventQueue-0] INFO  com.browserstack.utils.Helpers - null
13:12:02.909 [AWT-EventQueue-0] INFO  c.b.l.BrowserStackRunExtension - gradle
13:12:02.909 [AWT-EventQueue-0] INFO  com.browserstack.utils.Helpers - null
